<?xml version="1.0" encoding="UTF-8"?>
<!-- Generated by org.testng.reporters.JUnitReportReporter -->
<testsuite hostname="Vaibhav-HP" failures="0" tests="1" name="testcases.LoginTest" time="0.008" errors="0" timestamp="2024-07-26T23:11:36 IST" skipped="0">
  <testcase classname="testcases.LoginTest" name="LoginApp" time="0.008">
    <system-out>
      <![CDATA[application opened]]>
    </system-out>
  </testcase> <!-- LoginApp -->
  <system-out>
    <![CDATA[application opened]]>
  </system-out>
</testsuite> <!-- testcases.LoginTest -->
