<?xml version="1.0" encoding="UTF-8"?>
<!-- Generated by org.testng.reporters.JUnitReportReporter -->
<testsuite hostname="Vaibhav-HP" failures="0" tests="1" name="testcases.LoginTest" time="0.029" errors="0" timestamp="2024-07-27T09:54:18 IST" skipped="0">
  <testcase classname="testcases.LoginTest" name="LoginApp" time="0.029"/>
</testsuite> <!-- testcases.LoginTest -->
