<?xml version="1.0" encoding="UTF-8"?>
<!-- Generated by org.testng.reporters.JUnitReportReporter -->
<testsuite hostname="Vaibhav-HP" failures="0" tests="1" name="testcases.LoginTest" time="0.012" errors="0" timestamp="2024-07-27T09:06:01 IST" skipped="0">
  <testcase classname="testcases.LoginTest" name="LoginApp" time="0.012"/>
</testsuite> <!-- testcases.LoginTest -->
